0 info it worked if it ends with ok
1 verbose cli [ '/usr/local/bin/node', '/usr/local/bin/npm', 'publish' ]
2 info using npm@2.15.1
3 info using node@v4.4.3
4 verbose publish [ '.' ]
5 silly cache add args [ '.', null ]
6 verbose cache add spec .
7 silly cache add parsed spec Result {
7 silly cache add   raw: '.',
7 silly cache add   scope: null,
7 silly cache add   name: null,
7 silly cache add   rawSpec: '.',
7 silly cache add   spec: '/Users/ameen/msexcel-builder',
7 silly cache add   type: 'directory' }
8 verbose addLocalDirectory /Users/ameen/.npm/msexcel-builder-colorfix-emojifix/0.0.4/package.tgz not in flight; packing
9 verbose correctMkdir /Users/ameen/.npm correctMkdir not in flight; initializing
10 verbose tar pack [ '/Users/ameen/.npm/msexcel-builder-colorfix-emojifix/0.0.4/package.tgz',
10 verbose tar pack   '/Users/ameen/msexcel-builder' ]
11 verbose tarball /Users/ameen/.npm/msexcel-builder-colorfix-emojifix/0.0.4/package.tgz
12 verbose folder /Users/ameen/msexcel-builder
13 info prepublish msexcel-builder-colorfix-emojifix@0.0.4
14 verbose addLocalTarball adding from inside cache /Users/ameen/.npm/msexcel-builder-colorfix-emojifix/0.0.4/package.tgz
15 verbose correctMkdir /Users/ameen/.npm correctMkdir not in flight; initializing
16 silly cache afterAdd msexcel-builder-colorfix-emojifix@0.0.4
17 verbose afterAdd /Users/ameen/.npm/msexcel-builder-colorfix-emojifix/0.0.4/package/package.json not in flight; writing
18 verbose correctMkdir /Users/ameen/.npm correctMkdir not in flight; initializing
19 verbose afterAdd /Users/ameen/.npm/msexcel-builder-colorfix-emojifix/0.0.4/package/package.json written
20 silly publish { author: { name: 'Charlie Zheng', email: 'chuanyi.zheng@gmail.com' },
20 silly publish   name: 'msexcel-builder-colorfix-emojifix',
20 silly publish   description: 'A tiny library to create Microsoft Office Excel(2007) files under Nodejs. Color filling and archive creating fixed by Maxim Romanov',
20 silly publish   tags: [ 'xlsx', 'excel' ],
20 silly publish   version: '0.0.4',
20 silly publish   repository:
20 silly publish    { type: 'git',
20 silly publish      url: 'git://github.com/aloteot/msexcel-builder.git' },
20 silly publish   bugs: { url: 'https://github.com/aloteot/msexcel-builder/issues' },
20 silly publish   main: './lib/msexcel-builder.js',
20 silly publish   engines: { node: '*' },
20 silly publish   dependencies:
20 silly publish    { xmlbuilder: '>=0.4.2',
20 silly publish      async: '~0.2.6',
20 silly publish      'fs-extra': '~1.3.2',
20 silly publish      'easy-zip': '~0.0.4',
20 silly publish      archiver: '0.21.0' },
20 silly publish   readme: '# msexcel-builder\r\n\r\nA simple and fast library to create MS Office Excel(>2007) xlsx files(Compatible with the OpenOffice document format). \r\n\r\nFeatures:\r\n\r\n* Support workbook and multi-worksheets.\r\n* Custom column width and row height, cell range merge.\r\n* Custom cell fill styles(such as background color).\r\n* Custom cell border styles(such as thin,medium).\r\n* Custom cell font styles(such as font-family,bold).\r\n* Custom cell border styles and merge cells.\r\n* Text rotation in cells.\r\n\r\n## Getting Started\r\n\r\nInstall it in node.js:\r\n\r\n```\r\nnpm install msexcel-builder-colorfix\r\n```\r\n\r\n```javascript\r\nvar excelbuilder = require(\'msexcel-builder-colorfix\');\r\n```\r\n\r\nThen create a sample workbook with one sheet and some data.\r\n\r\n```javascript\r\n  // Create a new workbook file in current working-path\r\n  var workbook = excelbuilder.createWorkbook(\'./\', \'sample.xlsx\')\r\n  \r\n  // Create a new worksheet with 10 columns and 12 rows\r\n  var sheet1 = workbook.createSheet(\'sheet1\', 10, 12);\r\n  \r\n  // Fill some data\r\n  sheet1.set(1, 1, \'I am title\');\r\n  for (var i = 2; i < 5; i++)\r\n    sheet1.set(i, 1, \'test\'+i);\r\n  \r\n  // Save it\r\n  workbook.save(function(err){\r\n    if (err) \r\n      workbook.cancel();\r\n    else\r\n      console.log(\'congratulations, your workbook created\');\r\n  });\r\n```\r\n\r\n## API\r\n\r\n### createWorkbook(save_path, file_name)\r\n\r\nCreate a new workbook file.\r\n\r\n* `save_path` - (String) The path to save workbook.\r\n* `file_name` - (String) The file name of workbook.\r\n\r\nReturns a `Workbook` Object.\r\n\r\nExample: create a xlsx file saved to `C:\\test.xlsx`\r\n\r\n```javascript\r\nvar workbook = excelbuilder.createWorkbook(\'C:\\\',\'test.xlsx\');\r\n```\r\n\r\n### Workbook.createSheet(sheet_name,column_count,row_count)\r\n\r\nCreate a new worksheet with specified columns and rows\r\n\r\n* `sheet_name` - (String) worksheet name.\r\n* `column_count` - (Number) sheet column count.\r\n* `row_count` - (Number) sheet row count.\r\n\r\nReturns a `Sheet` object\r\n\r\nNotes: The sheet name must be unique within a same workbook.\r\n\r\nExample: Create a new sheet named \'sheet1\' with 5 columns and 8 rows\r\n\r\n```javascript\r\nvar sheet1 = workbook.createSheet(\'sheet1\', 5, 8);\r\n```\r\n\r\n### Workbook.save(callback)\r\n\r\nSave current workbook.\r\n\r\n* `callback` - (Function) Callback function to handle save result.\r\n\r\nExample:\r\n\r\n```javascript\r\nworkbook.save(function(err){\r\n  console.log(\'workbook saved \' + (err?\'failed\':\'ok\'));\r\n});\r\n```\r\n\r\n### Workbook.cancel()\r\n\r\nCancel to make current workbook,drop all data.\r\n\r\n### Sheet.set(col, row, str)\r\n\r\nSet the cell data.\r\n\r\n* `col` - (Number) Cell column index(start with 1).\r\n* `row` - (Number) Cell row index(start with 1).\r\n* `str` - (String) Cell data.\r\n\r\nNo returns.\r\n\r\nExample:\r\n\r\n```javascript\r\nsheet1.set(1,1,\'Hello \');\r\nsheet1.set(2,1,\'world!\');\r\n```\r\n\r\n## Sheet.width(col, width)\r\n## Sheet.height(row, height)\r\n\r\nSet the column width or row height\r\n\r\nExample:\r\n\r\n```javascript\r\nsheet1.width(1, 30);\r\nsheet1.height(1, 20);\r\n```\r\n\r\n## Sheet.align(col, row, align)\r\n## Sheet.valign(col, row, valign)\r\n## Sheet.wrap(col, row, wrap)\r\n## Sheet.rotate(col, row, angle)\r\n\r\nSet cell text align style and wrap style\r\n\r\n* `align` - (String) align style: \'center\'/\'left\'/\'right\'\r\n* `valign` - (String) vertical align style: \'center\'/\'top\'/\'bottom\'\r\n* `wrap` - (String) text wrap style:\'true\' / \'false\'\r\n* `rotate` - (String) Numeric angle for text rotation: \'90\'/\'-90\'\r\n\r\nExample:\r\n\r\n```javascript\r\nsheet1.align(2, 1, \'center\');\r\nsheet1.valign(3, 3, \'top\');\r\nsheet1.wrap(1, 1, \'true\');\r\nsheet1.rotate(1, 1, 90);\r\n```\r\n\r\n## Sheet.font(col, row, font_style)\r\n## Sheet.fill(col, row, fill_style)\r\n## Sheet.border(col, row, border_style)\r\n\r\nSet cell font style, fill style or border style\r\n\r\n* `font_style` - (Object) font style options \r\nThe options may contain:\r\n\r\n  * `name` - (String) font name\r\n  * `sz` - (String) font size\r\n  * `family` - (String) font family\r\n  * `scheme` - (String) font scheme\r\n  * `bold` - (String) if bold: \'true\'/\'false\'\r\n  * `iter` - (String) if italic: \'true\'/\'false\'\r\n\r\n* `fill_style` - (Object) fill style options\r\nThe options may contain:\r\n\r\n  * `type` - (String) fill type: such as \'solid\'\r\n  * `fgColor` - (String) front color\r\n  * `bgColor` - (String) background color\r\n\r\n* `border_style` - (Object) border style options\r\nThe options may contain:\r\n\r\n  * `left` - (String) style: \'thin\'/\'medium\'/\'thick\'/\'double\'\r\n  * `top` - (String) style: \'thin\'/\'medium\'/\'thick\'/\'double\'\r\n  * `right` - (String) style: \'thin\'/\'medium\'/\'thick\'/\'double\'\r\n  * `bottom` - (String) style: \'thin\'/\'medium\'/\'thick\'/\'double\'\r\n\r\nExample:\r\n\r\n```javascript\r\nsheet1.font(2, 1, {name:\'黑体\',sz:\'24\',family:\'3\',scheme:\'-\',bold:\'true\',iter:\'true\'});\r\nsheet1.fill(3, 3, {type:\'solid\',fgColor:\'FFFF0000\',bgColor:\'64\'});\r\nsheet1.border(1, 1, {left:\'medium\',top:\'medium\',right:\'thin\',bottom:\'medium\'});\r\n```\r\n\r\n## Sheet.merge(from_cell, to_cell)\r\n\r\nMerge some cell ranges\r\n\r\n* `from_cell` / `to_cell` - (Object) cell position\r\nThe cell object contains:\r\n\r\n  * `col` - (Number) cell column index(start with 1)\r\n  * `row` - (Number) cell row index(start with 1) \r\n\r\nExample: Merge the first row as title from (1,1) to (5,1)\r\n\r\n```javascript\r\nsheet1.merge({col:1,row:1},{col:5,row:1});\r\n```\r\n\r\n## Testing\r\n\r\nIn node.js\r\n\r\n```\r\n> cd test\r\n> node test.js\r\n```\r\n\r\n## Release notes\r\n\r\nv0.0.2:\r\n* Switch compress work to easy-zip to support Heroku deployment.\r\n\r\nv0.0.1: Includes\r\n\r\n* First release\r\n* Using 7z.exe to do compress work, so only support windows now.\r\n',
20 silly publish   readmeFilename: 'README.md',
20 silly publish   gitHead: '8d90417d381ab92359c87942ee15e1bfa65d5381',
20 silly publish   homepage: 'https://github.com/aloteot/msexcel-builder',
20 silly publish   _id: 'msexcel-builder-colorfix-emojifix@0.0.4',
20 silly publish   scripts: {},
20 silly publish   _shasum: '489241ee5d2fc885f1a0d4244f7ba032b983b861',
20 silly publish   _from: '.' }
21 verbose getPublishConfig undefined
22 silly mapToRegistry name msexcel-builder-colorfix-emojifix
23 silly mapToRegistry using default registry
24 silly mapToRegistry registry https://registry.npmjs.org/
25 silly mapToRegistry data Result {
25 silly mapToRegistry   raw: 'msexcel-builder-colorfix-emojifix',
25 silly mapToRegistry   scope: null,
25 silly mapToRegistry   name: 'msexcel-builder-colorfix-emojifix',
25 silly mapToRegistry   rawSpec: '',
25 silly mapToRegistry   spec: 'latest',
25 silly mapToRegistry   type: 'tag' }
26 silly mapToRegistry uri https://registry.npmjs.org/msexcel-builder-colorfix-emojifix
27 verbose publish registryBase https://registry.npmjs.org/
28 silly publish uploading /Users/ameen/.npm/msexcel-builder-colorfix-emojifix/0.0.4/package.tgz
29 verbose request uri https://registry.npmjs.org/msexcel-builder-colorfix-emojifix
30 verbose request sending authorization for write operation
31 info attempt registry request try #1 at 1:47:39 PM
32 verbose request using bearer token for auth
33 verbose request id 956407b6d4594169
34 http request PUT https://registry.npmjs.org/msexcel-builder-colorfix-emojifix
35 http 403 https://registry.npmjs.org/msexcel-builder-colorfix-emojifix
36 verbose headers { 'content-type': 'application/json',
36 verbose headers   'cache-control': 'max-age=300',
36 verbose headers   'content-length': '95',
36 verbose headers   'accept-ranges': 'bytes',
36 verbose headers   date: 'Thu, 22 Sep 2016 08:17:41 GMT',
36 verbose headers   via: '1.1 varnish',
36 verbose headers   connection: 'keep-alive',
36 verbose headers   'x-served-by': 'cache-sin6922-SIN',
36 verbose headers   'x-cache': 'MISS',
36 verbose headers   'x-cache-hits': '0',
36 verbose headers   'x-timer': 'S1474532260.981589,VS0,VE871',
36 verbose headers   vary: 'Accept-Encoding' }
37 verbose request invalidating /Users/ameen/.npm/registry.npmjs.org/msexcel-builder-colorfix-emojifix on PUT
38 error publish Failed PUT 403
39 verbose stack Error: "You cannot publish over the previously published version 0.0.4." : msexcel-builder-colorfix-emojifix
39 verbose stack     at makeError (/usr/local/lib/node_modules/npm/node_modules/npm-registry-client/lib/request.js:264:12)
39 verbose stack     at CachingRegistryClient.<anonymous> (/usr/local/lib/node_modules/npm/node_modules/npm-registry-client/lib/request.js:252:14)
39 verbose stack     at Request._callback (/usr/local/lib/node_modules/npm/node_modules/npm-registry-client/lib/request.js:172:14)
39 verbose stack     at Request.self.callback (/usr/local/lib/node_modules/npm/node_modules/request/request.js:199:22)
39 verbose stack     at emitTwo (events.js:87:13)
39 verbose stack     at Request.emit (events.js:172:7)
39 verbose stack     at Request.<anonymous> (/usr/local/lib/node_modules/npm/node_modules/request/request.js:1036:10)
39 verbose stack     at emitOne (events.js:82:20)
39 verbose stack     at Request.emit (events.js:169:7)
39 verbose stack     at IncomingMessage.<anonymous> (/usr/local/lib/node_modules/npm/node_modules/request/request.js:963:12)
40 verbose statusCode 403
41 verbose pkgid msexcel-builder-colorfix-emojifix
42 verbose cwd /Users/ameen/msexcel-builder
43 error Darwin 15.5.0
44 error argv "/usr/local/bin/node" "/usr/local/bin/npm" "publish"
45 error node v4.4.3
46 error npm  v2.15.1
47 error code E403
48 error "You cannot publish over the previously published version 0.0.4." : msexcel-builder-colorfix-emojifix
49 error If you need help, you may report this error at:
49 error     <https://github.com/npm/npm/issues>
50 verbose exit [ 1, true ]
